July-29 15:57:20.467 [main] DEBUG nextflow.cli.Launcher - $> nextflow run .
July-29 15:57:20.562 [main] DEBUG nextflow.cli.CmdRun - N E X T F L O W  ~  version 25.04.6
July-29 15:57:20.588 [main] DEBUG nextflow.plugin.PluginsFacade - Setting up plugin manager > mode=prod; embedded=false; plugins-dir=/raid/VIDRL-USERS/HOME/aduncan/.nextflow/plugins; core-plugins: nf-amazon@2.15.0,nf-azure@1.16.0,nf-cloudcache@0.4.3,nf-codecommit@0.2.3,nf-console@1.2.1,nf-google@1.21.1,nf-k8s@1.0.0,nf-tower@1.11.4,nf-wave@1.12.1
July-29 15:57:20.619 [main] INFO  o.pf4j.DefaultPluginStatusProvider - Enabled plugins: []
July-29 15:57:20.620 [main] INFO  o.pf4j.DefaultPluginStatusProvider - Disabled plugins: []
July-29 15:57:20.623 [main] INFO  org.pf4j.DefaultPluginManager - PF4J version 3.12.0 in 'deployment' mode
July-29 15:57:20.635 [main] INFO  org.pf4j.AbstractPluginManager - No plugins
July-29 15:57:21.078 [main] DEBUG nextflow.config.ConfigBuilder - Found config local: /raid/VIDRL-USERS/HOME/aduncan/projects/v3_rna_preproc/nextflow.config
July-29 15:57:21.085 [main] DEBUG nextflow.config.ConfigBuilder - Parsing config file: /raid/VIDRL-USERS/HOME/aduncan/projects/v3_rna_preproc/nextflow.config
July-29 15:57:21.107 [main] DEBUG n.secret.LocalSecretsProvider - Secrets store: /raid/VIDRL-USERS/HOME/aduncan/.nextflow/secrets/store.json
July-29 15:57:21.111 [main] DEBUG nextflow.secret.SecretsLoader - Discovered secrets providers: [nextflow.secret.LocalSecretsProvider@1f9f381d] - activable => nextflow.secret.LocalSecretsProvider@1f9f381d
July-29 15:57:21.116 [main] DEBUG nextflow.config.ConfigBuilder - Applying config profile: `standard`
July-29 15:57:21.188 [main] DEBUG nextflow.cli.CmdRun - Applied DSL=2 from script declaration
July-29 15:57:21.202 [main] DEBUG nextflow.cli.CmdRun - Launching `./main.nf` [tender_faggin] DSL2 - revision: d9ba039f0e
July-29 15:57:21.203 [main] DEBUG nextflow.plugin.PluginsFacade - Plugins default=[]
July-29 15:57:21.203 [main] DEBUG nextflow.plugin.PluginsFacade - Plugins resolved requirement=[]
July-29 15:57:21.252 [main] DEBUG nextflow.Session - Session UUID: 82d5406c-c358-4655-bf92-ec2bfd002db6
July-29 15:57:21.253 [main] DEBUG nextflow.Session - Run name: tender_faggin
July-29 15:57:21.253 [main] DEBUG nextflow.Session - Executor pool size: 256
July-29 15:57:21.261 [main] DEBUG nextflow.file.FilePorter - File porter settings maxRetries=3; maxTransfers=50; pollTimeout=null
July-29 15:57:21.267 [main] DEBUG nextflow.util.ThreadPoolBuilder - Creating thread pool 'FileTransfer' minSize=10; maxSize=768; workQueue=LinkedBlockingQueue[-1]; allowCoreThreadTimeout=false
July-29 15:57:21.295 [main] DEBUG nextflow.cli.CmdRun - 
  Version: 25.04.6 build 5954
  Created: 01-07-2025 11:27 UTC (21:27 AEDT)
  System: Linux 5.15.0-1066-nvidia
  Runtime: Groovy 4.0.26 on OpenJDK 64-Bit Server VM 23.0.2-internal-adhoc.conda.src
  Encoding: UTF-8 (UTF-8)
  Process: 394454@dgx-a100 [127.0.1.1]
  CPUs: 256 - Mem: 2 TB (711.9 GB) - Swap: 0 (0)
July-29 15:57:21.328 [main] DEBUG nextflow.Session - Work-dir: /raid/VIDRL-USERS/HOME/aduncan/projects/v3_rna_preproc/work [ext2/ext3]
July-29 15:57:21.329 [main] DEBUG nextflow.Session - Script base path does not exist or is not a directory: /raid/VIDRL-USERS/HOME/aduncan/projects/v3_rna_preproc/bin
July-29 15:57:21.339 [main] DEBUG nextflow.executor.ExecutorFactory - Extension executors providers=[]
July-29 15:57:21.348 [main] DEBUG nextflow.Session - Observer factory: DefaultObserverFactory
July-29 15:57:21.353 [main] DEBUG nextflow.Session - Observer factory (v2): LinObserverFactory
July-29 15:57:21.376 [main] DEBUG nextflow.cache.CacheFactory - Using Nextflow cache factory: nextflow.cache.DefaultCacheFactory
July-29 15:57:21.384 [main] DEBUG nextflow.util.CustomThreadPool - Creating default thread pool > poolSize: 257; maxThreads: 1000
July-29 15:57:21.439 [main] DEBUG nextflow.Session - Session start
July-29 15:57:21.560 [main] DEBUG nextflow.script.ScriptRunner - > Launching execution
July-29 15:57:21.585 [main] INFO  nextflow.script.BaseScript - Nextflow working
July-29 15:57:21.588 [main] DEBUG nextflow.Session - Workflow process names [dsl2]: 
July-29 15:57:21.590 [main] DEBUG nextflow.Session - Igniting dataflow network (0)
July-29 15:57:21.590 [main] DEBUG nextflow.script.ScriptRunner - Parsed script files:
  Script_9cf0d9b0625305b5: /raid/VIDRL-USERS/HOME/aduncan/projects/v3_rna_preproc/main.nf
July-29 15:57:21.590 [main] DEBUG nextflow.script.ScriptRunner - > Awaiting termination 
July-29 15:57:21.590 [main] DEBUG nextflow.Session - Session await
July-29 15:57:21.590 [main] DEBUG nextflow.Session - Session await > all processes finished
July-29 15:57:21.590 [main] DEBUG nextflow.Session - Session await > all barriers passed
July-29 15:57:21.598 [main] DEBUG n.trace.WorkflowStatsObserver - Workflow completed > WorkflowStats[succeededCount=0; failedCount=0; ignoredCount=0; cachedCount=0; pendingCount=0; submittedCount=0; runningCount=0; retriesCount=0; abortedCount=0; succeedDuration=0ms; failedDuration=0ms; cachedDuration=0ms;loadCpus=0; loadMemory=0; peakRunning=0; peakCpus=0; peakMemory=0; ]
July-29 15:57:21.673 [main] DEBUG nextflow.cache.CacheDB - Closing CacheDB done
July-29 15:57:21.694 [main] DEBUG nextflow.util.ThreadPoolManager - Thread pool 'FileTransfer' shutdown completed (hard=false)
July-29 15:57:21.694 [main] DEBUG nextflow.script.ScriptRunner - > Execution complete -- Goodbye
